<?xml version="1.0" encoding="UTF-8"?>
<!-- Generated by org.testng.reporters.JUnitReportReporter -->
<testsuite skipped="0" hostname="DESKTOP-9OK3TMH" name="Start.Maven.RestApi" tests="1" failures="0" timestamp="2020-09-10T11:49:29 IST" time="6.254" errors="0">
  <testcase name="verifyCapsules" time="6.254" classname="Start.Maven.RestApi"/>
  <system-out/>
</testsuite> <!-- Start.Maven.RestApi -->
