<?xml version="1.0" encoding="UTF-8"?>
<!-- Generated by org.testng.reporters.JUnitReportReporter -->
<testsuite skipped="0" hostname="DESKTOP-9OK3TMH" name="Start.Maven.JavaSeleniu" tests="1" failures="0" timestamp="2020-08-20T18:19:07 IST" time="0.025" errors="0">
  <testcase name="method3" time="0.025" classname="Start.Maven.JavaSeleniu"/>
  <system-out/>
</testsuite> <!-- Start.Maven.JavaSeleniu -->
