<?xml version="1.0" encoding="UTF-8"?>
<!-- Generated by org.testng.reporters.JUnitReportReporter -->
<testsuite skipped="0" hostname="DESKTOP-9OK3TMH" name="Start.Maven.Mav" tests="2" failures="0" timestamp="2020-05-21T12:46:01 IST" time="0.011" errors="0">
  <testcase name="test" time="0.002" classname="Start.Maven.Mav"/>
  <system-out/>
  <testcase name="test" time="0.009" classname="Start.Maven.Mav"/>
  <system-out/>
</testsuite> <!-- Start.Maven.Mav -->
