<?xml version="1.0" encoding="UTF-8"?>
<!-- Generated by org.testng.reporters.JUnitReportReporter -->
<testsuite skipped="0" hostname="DESKTOP-9OK3TMH" name="Start.Maven.ScreenshootGoogle" tests="1" failures="0" timestamp="2020-05-21T19:21:37 IST" time="19.346" errors="0">
  <testcase name="TestJavaS1" time="19.346" classname="Start.Maven.ScreenshootGoogle"/>
  <system-out/>
</testsuite> <!-- Start.Maven.ScreenshootGoogle -->
