<?xml version="1.0" encoding="UTF-8"?>
<!-- Generated by org.testng.reporters.JUnitReportReporter -->
<testsuite skipped="0" hostname="DESKTOP-9OK3TMH" name="Start.Maven.RestAssured1" tests="1" failures="0" timestamp="2020-08-20T18:31:27 IST" time="0.019" errors="0">
  <testcase name="main" time="0.019" classname="Start.Maven.RestAssured1"/>
  <system-out/>
</testsuite> <!-- Start.Maven.RestAssured1 -->
