<?xml version="1.0" encoding="UTF-8"?>
<!-- Generated by org.testng.reporters.JUnitReportReporter -->
<testsuite skipped="0" hostname="DESKTOP-9OK3TMH" name="com.crm.qa.testcases.ChoseFlightPageTest" tests="2" failures="0" timestamp="09 Sep 2020 05:04:23 GMT" time="0.801" errors="0">
  <testcase name="setUp" time="0.021" classname="com.crm.qa.testcases.ChoseFlightPageTest"/>
  <testcase name="ClickonChooseThisFlightbtn" time="0.780" classname="com.crm.qa.testcases.ChoseFlightPageTest"/>
</testsuite> <!-- com.crm.qa.testcases.ChoseFlightPageTest -->
