<?xml version="1.0" encoding="UTF-8"?>
<!-- Generated by org.testng.reporters.JUnitReportReporter -->
<testsuite skipped="0" hostname="DESKTOP-9OK3TMH" name="com.crm.qa.testcases.FillDetailsPageTest" tests="3" failures="0" timestamp="09 Sep 2020 05:04:23 GMT" time="6.623" errors="0">
  <testcase name="setUp" time="0.019" classname="com.crm.qa.testcases.FillDetailsPageTest"/>
  <testcase name="fillDetailsOfCustomer" time="0.535" classname="com.crm.qa.testcases.FillDetailsPageTest"/>
  <testcase name="navigateToCnfPage" time="6.069" classname="com.crm.qa.testcases.FillDetailsPageTest"/>
</testsuite> <!-- com.crm.qa.testcases.FillDetailsPageTest -->
