<?xml version="1.0" encoding="UTF-8"?>
<!-- Generated by org.testng.reporters.JUnitReportReporter -->
<testsuite skipped="0" hostname="DESKTOP-9OK3TMH" name="com.crm.qa.base.Country" tests="1" failures="0" timestamp="01 Jul 2020 11:23:49 GMT" time="0.012" errors="0">
  <testcase name="Country1" time="0.012" classname="com.crm.qa.base.Country"/>
</testsuite> <!-- com.crm.qa.base.Country -->
