<?xml version="1.0" encoding="UTF-8"?>
<!-- Generated by org.testng.reporters.JUnitReportReporter -->
<testsuite skipped="0" hostname="DESKTOP-9OK3TMH" name="com.crm.qa.testcases.FlightBookingHomePageTest" tests="2" failures="0" timestamp="09 Sep 2020 05:04:23 GMT" time="1.497" errors="0">
  <testcase name="verifyHomePageTitle" time="0.137" classname="com.crm.qa.testcases.FlightBookingHomePageTest"/>
  <testcase name="selectDepartureandDestinationcity" time="1.360" classname="com.crm.qa.testcases.FlightBookingHomePageTest"/>
</testsuite> <!-- com.crm.qa.testcases.FlightBookingHomePageTest -->
