<?xml version="1.0" encoding="UTF-8"?>
<!-- Generated by org.testng.reporters.JUnitReportReporter -->
<testsuite skipped="0" hostname="DESKTOP-9OK3TMH" name="com.crm.qa.pages.ContactsPage" tests="1" failures="0" timestamp="11 Aug 2020 10:05:48 GMT" time="0.026" errors="0">
  <testcase name="reverse" time="0.026" classname="com.crm.qa.pages.ContactsPage"/>
</testsuite> <!-- com.crm.qa.pages.ContactsPage -->
